<?xml version="1.0" encoding="UTF-8"?>
<!-- Generated by org.testng.reporters.JUnitXMLReporter -->
<testsuite ignored="0" hostname="Sangeethas-MacBook-Air.local" failures="0" tests="3" name="Default test" time="5.544" errors="0" timestamp="2025-10-15T19:09:20 CEST">
  <testcase classname="tests.AddToCart" name="addTocart" time="2.037"/>
  <testcase classname="tests.AddToCart" name="login" time="1.467"/>
  <testcase classname="tests.AddToCart" name="verifyTitle" time="0.006"/>
</testsuite> <!-- Default test -->
