<?xml version="1.0" encoding="UTF-8"?>
<testng-results ignored="0" total="3" passed="3" failed="0" skipped="0">
  <reporter-output>
  </reporter-output>
  <suite started-at="2025-10-16T10:43:47 CEST" name="Default suite" finished-at="2025-10-16T10:43:57 CEST" duration-ms="9440">
    <groups>
    </groups>
    <test started-at="2025-10-16T10:43:47 CEST" name="Default test" finished-at="2025-10-16T10:43:57 CEST" duration-ms="9440">
      <class name="tests.AddToCart">
        <test-method is-config="true" signature="setUpReport()[pri:0, instance:tests.AddToCart@3646a422]" started-at="2025-10-16T10:43:47 CEST" name="setUpReport" finished-at="2025-10-16T10:43:47 CEST" duration-ms="3" status="PASS">
          <reporter-output>
          </reporter-output>
        </test-method> <!-- setUpReport -->
        <test-method is-config="true" signature="setup()[pri:0, instance:tests.AddToCart@3646a422]" started-at="2025-10-16T10:43:47 CEST" name="setup" finished-at="2025-10-16T10:43:52 CEST" duration-ms="4776" status="PASS">
          <reporter-output>
          </reporter-output>
        </test-method> <!-- setup -->
        <test-method signature="login()[pri:1, instance:tests.AddToCart@3646a422]" started-at="2025-10-16T10:43:52 CEST" name="login" finished-at="2025-10-16T10:43:52 CEST" duration-ms="384" status="PASS">
          <reporter-output>
          </reporter-output>
        </test-method> <!-- login -->
        <test-method signature="verifyTitle()[pri:2, instance:tests.AddToCart@3646a422]" started-at="2025-10-16T10:43:52 CEST" name="verifyTitle" finished-at="2025-10-16T10:43:54 CEST" depends-on-methods="tests.AddToCart.login" duration-ms="2021" status="PASS">
          <reporter-output>
          </reporter-output>
        </test-method> <!-- verifyTitle -->
        <test-method signature="addTocart()[pri:3, instance:tests.AddToCart@3646a422]" started-at="2025-10-16T10:43:54 CEST" name="addTocart" finished-at="2025-10-16T10:43:56 CEST" depends-on-methods="tests.AddToCart.login" duration-ms="2034" status="PASS">
          <reporter-output>
          </reporter-output>
        </test-method> <!-- addTocart -->
        <test-method is-config="true" signature="tearDown()[pri:0, instance:tests.AddToCart@3646a422]" started-at="2025-10-16T10:43:56 CEST" name="tearDown" finished-at="2025-10-16T10:43:56 CEST" duration-ms="92" status="PASS">
          <reporter-output>
          </reporter-output>
        </test-method> <!-- tearDown -->
        <test-method is-config="true" signature="flushReport()[pri:0, instance:tests.AddToCart@3646a422]" started-at="2025-10-16T10:43:56 CEST" name="flushReport" finished-at="2025-10-16T10:43:57 CEST" duration-ms="110" status="PASS">
          <reporter-output>
          </reporter-output>
        </test-method> <!-- flushReport -->
      </class> <!-- tests.AddToCart -->
    </test> <!-- Default test -->
  </suite> <!-- Default suite -->
</testng-results>
